Program Version,EnergyPlus, Portable Version V8.1.0.008, YMD=2015.04.03 14:26,IDD_Version 8.1.0.008
   ** Severe  ** SQLite is not available in this version
   **   ~~~   ** Request for SQLite output will be ignored
   ** Warning ** Sizing:Parameters: note Timesteps in Averaging Window entered value=[6] is less than 1 hour (i.e., 20 timesteps).
   ************* Beginning Zone Sizing Calculations
   ** Warning ** CheckUsedConstructions: There are 2 nominally unused constructions in input.
   **   ~~~   ** For explicit details on each unused construction, use Output:Diagnostics,DisplayExtraWarnings;
   ** Severe  ** CalcEcoRoof: Too few time steps per hour for stability.
   **   ~~~   ** ...Entered Timesteps per hour=[20], Change to some value greater than [80] for assured stability.
   ************* Beginning System Sizing Calculations
   ************* Beginning Plant Sizing Calculations
   ** Warning ** Check input. Pump nominal power or motor efficiency is set to 0, for pump=SWHSYS1 PUMP
   ************* Testing Individual Branch Integrity
   ************* All Branches passed integrity testing
   ************* Testing Individual Supply Air Path Integrity
   ************* All Supply Air Paths passed integrity testing
   ************* Testing Individual Return Air Path Integrity
   ************* All Return Air Paths passed integrity testing
   ************* No node connection errors were found.
   ************* Beginning Simulation
   ** Warning ** CalcDoe2DXCoil: Coil:Cooling:DX:SingleSpeed "PSZ-AC:2_COOLC DXCOIL" - Air-cooled condenser inlet dry-bulb temperature below 0 C. Outdoor dry-bulb temperature = -1.80
   **   ~~~   **  ... Occurrence info = BALTIMORE MD USA TMY2-93721 WMO#=724060, 01/11 10:12 - 10:15
   **   ~~~   ** ... Operation at low ambient temperatures may require special performance curves.
   ** Warning ** CalcDoe2DXCoil: Coil:Cooling:DX:SingleSpeed "PSZ-AC:1_COOLC DXCOIL" - Air-cooled condenser inlet dry-bulb temperature below 0 C. Outdoor dry-bulb temperature = -10.33
   **   ~~~   **  ... Occurrence info = BALTIMORE MD USA TMY2-93721 WMO#=724060, 01/15 04:24 - 04:27
   **   ~~~   ** ... Operation at low ambient temperatures may require special performance curves.
   ** Warning ** CalcDoe2DXCoil: Coil:Cooling:DX:SingleSpeed "PSZ-AC:1_COOLC DXCOIL" - Full load outlet air dry-bulb temperature < 2C. This indicates the possibility of coil frost/freeze. Outlet temperature = 1.43 C.
   **   ~~~   **  ...Occurrence info = BALTIMORE MD USA TMY2-93721 WMO#=724060, 01/15 04:24 - 04:27
   **   ~~~   ** ... Possible reasons for low outlet air dry-bulb temperatures are: This DX coil
   **   ~~~   **    1) may have a low inlet air dry-bulb temperature. Inlet air temperature = 15.563 C.
   **   ~~~   **    2) may have a low air flow rate per watt of cooling capacity. Check inputs.
   **   ~~~   **    3) is used as part of a HX assisted cooling coil which uses a high sensible effectiveness. Check inputs.
   ** Warning ** CalcDoe2DXCoil: Coil:Cooling:DX:SingleSpeed "PSZ-AC:2_COOLC DXCOIL" - Full load outlet air dry-bulb temperature < 2C. This indicates the possibility of coil frost/freeze. Outlet temperature = 0.89 C.
   **   ~~~   **  ...Occurrence info = BALTIMORE MD USA TMY2-93721 WMO#=724060, 11/11 08:48 - 08:51
   **   ~~~   ** ... Possible reasons for low outlet air dry-bulb temperatures are: This DX coil
   **   ~~~   **    1) may have a low inlet air dry-bulb temperature. Inlet air temperature = 15.553 C.
   **   ~~~   **    2) may have a low air flow rate per watt of cooling capacity. Check inputs.
   **   ~~~   **    3) is used as part of a HX assisted cooling coil which uses a high sensible effectiveness. Check inputs.
   ************* Simulation Error Summary *************
   ************* There are 1 unused objects in input.
   ************* Use Output:Diagnostics,DisplayUnusedObjects; to see them.
   *************
   ************* ===== Recurring Error Summary =====
   ************* The following recurring error messages occurred.
   *************
   *************  ** Warning ** CalcDoe2DXCoil: Coil:Cooling:DX:SingleSpeed="PSZ-AC:2_COOLC DXCOIL" - Low condenser dry-bulb temperature error continues...
   *************  **   ~~~   **   This error occurred 207 total times;
   *************  **   ~~~   **   during Warmup 0 times;
   *************  **   ~~~   **   during Sizing 0 times.
   *************  **   ~~~   **   Max=-2.775558E-017 [C]  Min=-3.6 [C]
   *************
   *************  ** Warning ** CalcDoe2DXCoil: Coil:Cooling:DX:SingleSpeed="PSZ-AC:1_COOLC DXCOIL" - Low condenser dry-bulb temperature error continues...
   *************  **   ~~~   **   This error occurred 8 total times;
   *************  **   ~~~   **   during Warmup 0 times;
   *************  **   ~~~   **   during Sizing 0 times.
   *************  **   ~~~   **   Max=-4.1 [C]  Min=-10.33 [C]
   *************
   *************  ** Warning ** CalcDoe2DXCoil: Coil:Cooling:DX:SingleSpeed="PSZ-AC:1_COOLC DXCOIL" - Full load outlet temperature indicates a possibility of frost/freeze error continues. Outlet air temperature statistics follow:
   *************  **   ~~~   **   This error occurred 8 total times;
   *************  **   ~~~   **   during Warmup 0 times;
   *************  **   ~~~   **   during Sizing 0 times.
   *************  **   ~~~   **   Max=1.63542  Min=1.433466
   *************
   *************  ** Warning ** CalcDoe2DXCoil: Coil:Cooling:DX:SingleSpeed="PSZ-AC:2_COOLC DXCOIL" - Full load outlet temperature indicates a possibility of frost/freeze error continues. Outlet air temperature statistics follow:
   *************  **   ~~~   **   This error occurred 14 total times;
   *************  **   ~~~   **   during Warmup 0 times;
   *************  **   ~~~   **   during Sizing 0 times.
   *************  **   ~~~   **   Max=1.923771  Min=0.889311
   *************
   *************
   ************* ===== Final Error Summary =====
   ************* The following error categories occurred.  Consider correcting or noting.
   ************* Nominally Unused Constructions
   ************* ..The nominally unused constructions warning is provided to alert you to potential conditions that can cause
   ************* ..extra time during simulation. Each construction is calculated by the algorithm indicated in the HeatBalanceAlgorithm
   ************* ..object. You may remove the constructions indicated (when you use the DisplayExtraWarnings option).
   *************
   ************* EnergyPlus Warmup Error Summary. During Warmup: 0 Warning; 0 Severe Errors.
   ************* EnergyPlus Sizing Error Summary. During Sizing: 2 Warning; 1 Severe Errors.
   ************* EnergyPlus Completed Successfully-- 240 Warning; 2 Severe Errors; Elapsed Time=00hr 02min 31.24sec
